0 info it worked if it ends with ok
1 verbose cli [ '/Users/sabo2/.nvm/v0.12.7/bin/node',
1 verbose cli   '/Users/sabo2/.nvm/v0.12.7/bin/npm',
1 verbose cli   'run',
1 verbose cli   'lint' ]
2 info using npm@2.11.3
3 info using node@v0.12.7
4 verbose run-script [ 'prelint', 'lint', 'postlint' ]
5 info prelint puzzlevan@0.0.0-pre
6 info lint puzzlevan@0.0.0-pre
7 verbose unsafe-perm in lifecycle true
8 info puzzlevan@0.0.0-pre Failed to exec lint script
9 verbose stack Error: puzzlevan@0.0.0-pre lint: `grunt newer:jshint`
9 verbose stack Exit status 3
9 verbose stack     at EventEmitter.<anonymous> (/Users/sabo2/.nvm/v0.12.7/lib/node_modules/npm/lib/utils/lifecycle.js:213:16)
9 verbose stack     at EventEmitter.emit (events.js:110:17)
9 verbose stack     at ChildProcess.<anonymous> (/Users/sabo2/.nvm/v0.12.7/lib/node_modules/npm/lib/utils/spawn.js:24:14)
9 verbose stack     at ChildProcess.emit (events.js:110:17)
9 verbose stack     at maybeClose (child_process.js:1015:16)
9 verbose stack     at Process.ChildProcess._handle.onexit (child_process.js:1087:5)
10 verbose pkgid puzzlevan@0.0.0-pre
11 verbose cwd /Users/sabo2/work/puzzlevan
12 error Darwin 15.0.0
13 error argv "/Users/sabo2/.nvm/v0.12.7/bin/node" "/Users/sabo2/.nvm/v0.12.7/bin/npm" "run" "lint"
14 error node v0.12.7
15 error npm  v2.11.3
16 error code ELIFECYCLE
17 error puzzlevan@0.0.0-pre lint: `grunt newer:jshint`
17 error Exit status 3
18 error Failed at the puzzlevan@0.0.0-pre lint script 'grunt newer:jshint'.
18 error This is most likely a problem with the puzzlevan package,
18 error not with npm itself.
18 error Tell the author that this fails on your system:
18 error     grunt newer:jshint
18 error You can get their info via:
18 error     npm owner ls puzzlevan
18 error There is likely additional logging output above.
19 verbose exit [ 1, true ]
